<?xml version="1.0" encoding="UTF-8"?>
<testsuite name="Scenario: Visit om page" tests="4" skipped="0" failures="0" errors="0" timestamp="2018-04-06T08:15:49" hostname="mark-ThinkPad-X270-W10DG" time="4.302">
  <properties/>
  <testcase name="Given I visit the EBU landing page" classname="Scenario: Visit om page" time="0.001"/>
  <testcase name="When I click on the om os link" classname="Scenario: Visit om page" time="0.0"/>
  <testcase name="Then the page title contains &quot;Velkommen til Danske Spil&quot;" classname="Scenario: Visit om page" time="0.0"/>
  <testcase name="classMethod" classname="Scenario: Visit om page" time="16.5"/>
  <system-out><![CDATA[]]></system-out>
  <system-err><![CDATA[Apr 06, 2018 10:15:41 AM org.openqa.selenium.remote.ProtocolHandshake createSession
INFO: Detected dialect: OSS
]]></system-err>
</testsuite>
