<?xml version="1.0" encoding="UTF-8"?>
<testsuite name="dk.danskespil.psp.runAllTest.RunCukeTest" tests="0" skipped="0" failures="0" errors="0" timestamp="1970-01-01T00:00:00" hostname="mark-ThinkPad-X270-W10DG" time="0.0">
  <properties/>
  <system-out><![CDATA[Feature: EBU validating claim and payout
  As a customer
    I want to be able to navigate other pages

  @cucumberTest
  Scenario: Visit om page                                    ?[90m# psp.feature:6?[0m
    ?[32mGiven ?[0m?[32mI visit the EBU landing page?[0m                       ?[90m# pspStepDefTest.i_visit_the_EBU_landing_page()?[0m
    ?[32mWhen ?[0m?[32mI click on the om os link?[0m                           ?[90m# pspStepDefTest.i_click_on_the_om_os_link()?[0m
    ?[32mThen ?[0m?[32mthe page title contains "?[0m?[32m?[1mVelkommen til Danske Spil?[0m?[32m"?[0m ?[90m# pspStepDefTest.then_the_page_title_contains(String)?[0m

1 Scenarios (?[32m1 passed?[0m)
3 Steps (?[32m3 passed?[0m)
0m16.467s

]]></system-out>
  <system-err><![CDATA[]]></system-err>
</testsuite>
